<?xml version="1.0" encoding="UTF-8"?>
<!-- Generated by org.testng.reporters.JUnitXMLReporter -->
<testsuite ignored="0" hostname="radhey" failures="0" tests="5" name="Default test" time="12.75" errors="0" timestamp="2024-04-10T12:17:33 IST">
  <testcase classname="Unit_Pages.Login_Page" name="Login" time="3.134"/>
  <testcase classname="Unit_Pages.Login_Page" name="Login" time="2.482"/>
  <testcase classname="Unit_Pages.Login_Page" name="Login" time="2.344"/>
  <testcase classname="Unit_Pages.Login_Page" name="Login" time="2.315"/>
  <testcase classname="Unit_Pages.Login_Page" name="Login" time="2.43"/>
</testsuite> <!-- Default test -->
