<?xml version="1.0" encoding="UTF-8"?>
<!-- Generated by org.testng.reporters.JUnitXMLReporter -->
<testsuite ignored="0" hostname="radhey" failures="0" tests="5" name="Default test" time="7.648" errors="0" timestamp="2024-04-10T10:57:12 IST">
  <testcase classname="Unit_Pages.Login_Page" name="Login" time="7.078"/>
  <testcase classname="Unit_Pages.Login_Page" name="Login" time="7.14"/>
  <testcase classname="Unit_Pages.Login_Page" name="Login" time="7.184"/>
  <testcase classname="Unit_Pages.Login_Page" name="Login" time="7.568"/>
  <testcase classname="Unit_Pages.Login_Page" name="Login" time="7.608"/>
</testsuite> <!-- Default test -->
