<?xml version="1.0" encoding="UTF-8"?>
<testng-results ignored="0" total="1" passed="1" failed="0" skipped="0">
  <reporter-output>
  </reporter-output>
  <suite started-at="2024-04-22T11:37:34 IST" name="Default suite" finished-at="2024-04-22T11:38:52 IST" duration-ms="78599">
    <groups>
    </groups>
    <test started-at="2024-04-22T11:37:34 IST" name="Default test" finished-at="2024-04-22T11:38:52 IST" duration-ms="78599">
      <class name="Unit_Pages.Standard">
        <test-method is-config="true" signature="Browser_Login()[pri:0, instance:Unit_Pages.Standard@4218d6a3]" started-at="2024-04-22T11:37:34 IST" name="Browser_Login" finished-at="2024-04-22T11:37:39 IST" duration-ms="5494" status="PASS">
          <reporter-output>
          </reporter-output>
        </test-method> <!-- Browser_Login -->
        <test-method signature="Standards()[pri:0, instance:Unit_Pages.Standard@4218d6a3]" started-at="2024-04-22T11:37:39 IST" name="Standards" finished-at="2024-04-22T11:38:52 IST" duration-ms="73073" status="PASS">
          <reporter-output>
          </reporter-output>
        </test-method> <!-- Standards -->
      </class> <!-- Unit_Pages.Standard -->
    </test> <!-- Default test -->
  </suite> <!-- Default suite -->
</testng-results>
