<?xml version="1.0" encoding="UTF-8"?>
<testng-results ignored="0" total="1" passed="1" failed="0" skipped="0">
  <reporter-output>
  </reporter-output>
  <suite started-at="2024-04-16T17:03:46 IST" name="Default suite" finished-at="2024-04-16T17:04:47 IST" duration-ms="60697">
    <groups>
    </groups>
    <test started-at="2024-04-16T17:03:46 IST" name="Default test" finished-at="2024-04-16T17:04:47 IST" duration-ms="60697">
      <class name="Unit_Pages.Standard">
        <test-method is-config="true" signature="Browser_Login()[pri:0, instance:Unit_Pages.Standard@2dde1bff]" started-at="2024-04-16T17:03:46 IST" name="Browser_Login" finished-at="2024-04-16T17:03:49 IST" duration-ms="2912" status="PASS">
          <reporter-output>
          </reporter-output>
        </test-method> <!-- Browser_Login -->
        <test-method signature="Standards()[pri:0, instance:Unit_Pages.Standard@2dde1bff]" started-at="2024-04-16T17:03:49 IST" name="Standards" finished-at="2024-04-16T17:04:47 IST" duration-ms="57756" status="PASS">
          <reporter-output>
          </reporter-output>
        </test-method> <!-- Standards -->
      </class> <!-- Unit_Pages.Standard -->
    </test> <!-- Default test -->
  </suite> <!-- Default suite -->
</testng-results>
